[0.017s] Invoking command in '/home/sangeetsu/irlsim/LanguagePolicies/ros2/build/policy_translation': CMAKE_PREFIX_PATH=/opt/ros/eloquent CONDA_PROMPT_MODIFIER=(base) /usr/bin/cmake /home/sangeetsu/irlsim/LanguagePolicies/ros2/src/policy_translation -DCMAKE_INSTALL_PREFIX=/home/sangeetsu/irlsim/LanguagePolicies/ros2/install/policy_translation
[0.031s] -- Found ament_cmake: 0.8.3 (/opt/ros/eloquent/share/ament_cmake/cmake)
[0.052s] -- Found PythonInterp: /home/sangeetsu/miniconda3/bin/python3 (found suitable version "3.8.5", minimum required is "3") 
[0.053s] -- Using PYTHON_EXECUTABLE: /home/sangeetsu/miniconda3/bin/python3
[0.220s] -- Found rosidl_default_generators: 0.8.0 (/opt/ros/eloquent/share/rosidl_default_generators/cmake)
[0.278s] -- Found rosidl_adapter: 0.8.3 (/opt/ros/eloquent/share/rosidl_adapter/cmake)
[0.342s] -- Found sensor_msgs: 0.8.1 (/opt/ros/eloquent/share/sensor_msgs/cmake)
[0.407s] -- Found PythonInterp: /home/sangeetsu/miniconda3/bin/python3 (found version "3.8.5") 
[0.636s] -- Using single matching rosidl_typesupport_c: rosidl_typesupport_fastrtps_c
[0.699s] -- Using single matching rosidl_typesupport_cpp: rosidl_typesupport_fastrtps_cpp
[1.150s] -- Found rmw_implementation_cmake: 0.8.1 (/opt/ros/eloquent/share/rmw_implementation_cmake/cmake)
[1.185s] -- Found PythonInterp: /home/sangeetsu/miniconda3/bin/python3 (found suitable version "3.8.5", minimum required is "3.5") 
[1.187s] -- Found python_cmake_module: 0.8.0 (/opt/ros/eloquent/share/python_cmake_module/cmake)
[1.221s] -- Found PythonLibs: /home/sangeetsu/miniconda3/lib/libpython3.8.so (found suitable version "3.8.5", minimum required is "3.5") 
[1.222s] -- Using PYTHON_EXECUTABLE: /home/sangeetsu/miniconda3/bin/python3
[1.222s] -- Using PYTHON_INCLUDE_DIRS: /home/sangeetsu/miniconda3/include/python3.8
[1.223s] -- Using PYTHON_LIBRARIES: /home/sangeetsu/miniconda3/lib/libpython3.8.so
[1.246s] -- Found PythonExtra: .so  
[1.513s] -- Found ament_lint_auto: 0.8.2 (/opt/ros/eloquent/share/ament_lint_auto/cmake)
[1.549s] -- Added test 'lint_cmake' to check CMake code style
[1.551s] -- Added test 'xmllint' to check XML markup files
[1.558s] -- Configuring done
[1.781s] CMake Warning at /opt/ros/eloquent/share/rosidl_generator_py/cmake/rosidl_generator_py_generate_interfaces.cmake:229 (add_library):
[1.781s]   Cannot generate a safe runtime search path for target
[1.781s]   policy_translation__rosidl_typesupport_fastrtps_c__pyext because files in
[1.781s]   some directories may conflict with libraries in implicit directories:
[1.782s] 
[1.782s]     runtime library [libssl.so.1.1] in /usr/lib/x86_64-linux-gnu may be hidden by files in:
[1.782s]       /home/sangeetsu/miniconda3/lib
[1.782s]     runtime library [libcrypto.so.1.1] in /usr/lib/x86_64-linux-gnu may be hidden by files in:
[1.782s]       /home/sangeetsu/miniconda3/lib
[1.782s] 
[1.782s]   Some of these libraries may not be found correctly.
[1.783s] Call Stack (most recent call first):
[1.783s]   /opt/ros/eloquent/share/ament_cmake_core/cmake/core/ament_execute_extensions.cmake:48 (include)
[1.783s]   /opt/ros/eloquent/share/rosidl_cmake/cmake/rosidl_generate_interfaces.cmake:286 (ament_execute_extensions)
[1.783s]   CMakeLists.txt:26 (rosidl_generate_interfaces)
[1.783s] 
[1.783s] 
[1.830s] CMake Warning at /opt/ros/eloquent/share/rosidl_generator_py/cmake/rosidl_generator_py_generate_interfaces.cmake:176 (add_library):
[1.830s]   Cannot generate a safe runtime search path for target
[1.831s]   policy_translation__python because files in some directories may conflict
[1.831s]   with libraries in implicit directories:
[1.831s] 
[1.831s]     runtime library [libssl.so.1.1] in /usr/lib/x86_64-linux-gnu may be hidden by files in:
[1.831s]       /home/sangeetsu/miniconda3/lib
[1.831s]     runtime library [libcrypto.so.1.1] in /usr/lib/x86_64-linux-gnu may be hidden by files in:
[1.831s]       /home/sangeetsu/miniconda3/lib
[1.831s] 
[1.831s]   Some of these libraries may not be found correctly.
[1.832s] Call Stack (most recent call first):
[1.832s]   /opt/ros/eloquent/share/ament_cmake_core/cmake/core/ament_execute_extensions.cmake:48 (include)
[1.832s]   /opt/ros/eloquent/share/rosidl_cmake/cmake/rosidl_generate_interfaces.cmake:286 (ament_execute_extensions)
[1.832s]   CMakeLists.txt:26 (rosidl_generate_interfaces)
[1.832s] 
[1.832s] 
[1.860s] CMake Warning at /opt/ros/eloquent/share/rosidl_generator_py/cmake/rosidl_generator_py_generate_interfaces.cmake:229 (add_library):
[1.860s]   Cannot generate a safe runtime search path for target
[1.860s]   policy_translation__rosidl_typesupport_c__pyext because files in some
[1.860s]   directories may conflict with libraries in implicit directories:
[1.860s] 
[1.861s]     runtime library [libssl.so.1.1] in /usr/lib/x86_64-linux-gnu may be hidden by files in:
[1.861s]       /home/sangeetsu/miniconda3/lib
[1.861s]     runtime library [libcrypto.so.1.1] in /usr/lib/x86_64-linux-gnu may be hidden by files in:
[1.861s]       /home/sangeetsu/miniconda3/lib
[1.861s] 
[1.861s]   Some of these libraries may not be found correctly.
[1.862s] Call Stack (most recent call first):
[1.862s]   /opt/ros/eloquent/share/ament_cmake_core/cmake/core/ament_execute_extensions.cmake:48 (include)
[1.862s]   /opt/ros/eloquent/share/rosidl_cmake/cmake/rosidl_generate_interfaces.cmake:286 (ament_execute_extensions)
[1.862s]   CMakeLists.txt:26 (rosidl_generate_interfaces)
[1.862s] 
[1.862s] 
[1.871s] -- Generating done
[1.877s] -- Build files have been written to: /home/sangeetsu/irlsim/LanguagePolicies/ros2/build/policy_translation
[1.886s] Invoked command in '/home/sangeetsu/irlsim/LanguagePolicies/ros2/build/policy_translation' returned '0': CMAKE_PREFIX_PATH=/opt/ros/eloquent CONDA_PROMPT_MODIFIER=(base) /usr/bin/cmake /home/sangeetsu/irlsim/LanguagePolicies/ros2/src/policy_translation -DCMAKE_INSTALL_PREFIX=/home/sangeetsu/irlsim/LanguagePolicies/ros2/install/policy_translation
[1.890s] Invoking command in '/home/sangeetsu/irlsim/LanguagePolicies/ros2/build/policy_translation': CMAKE_PREFIX_PATH=/opt/ros/eloquent CONDA_PROMPT_MODIFIER=(base) /usr/bin/cmake --build /home/sangeetsu/irlsim/LanguagePolicies/ros2/build/policy_translation -- -j8 -l8
[1.960s] [35m[1mScanning dependencies of target policy_translation__cpp[0m
[1.978s] [  2%] [34m[1mGenerating C code for ROS interfaces[0m
[1.987s] [  4%] [34m[1mGenerating C++ code for ROS interfaces[0m
[2.044s] Traceback (most recent call last):
[2.045s]   File "/opt/ros/eloquent/share/rosidl_generator_c/cmake/../../../lib/rosidl_generator_c/rosidl_generator_c", line 8, in <module>
[2.045s]     from rosidl_generator_c import generate_c
[2.045s]   File "/opt/ros/eloquent/lib/python3.6/site-packages/rosidl_generator_c/__init__.py", line 15, in <module>
[2.045s]     from rosidl_cmake import convert_camel_case_to_lower_case_underscore
[2.045s]   File "/opt/ros/eloquent/lib/python3.6/site-packages/rosidl_cmake/__init__.py", line 24, in <module>
[2.045s]     from rosidl_parser.parser import parse_idl_file
[2.045s]   File "/opt/ros/eloquent/lib/python3.6/site-packages/rosidl_parser/parser.py", line 20, in <module>
[2.046s]     from lark import Lark
[2.046s] ModuleNotFoundError: No module named 'lark'
[2.059s] CMakeFiles/policy_translation__rosidl_generator_c.dir/build.make:165: recipe for target 'rosidl_generator_c/policy_translation/srv/network_pt.h' failed
[2.059s] make[2]: *** [rosidl_generator_c/policy_translation/srv/network_pt.h] Error 1
[2.060s] CMakeFiles/Makefile2:291: recipe for target 'CMakeFiles/policy_translation__rosidl_generator_c.dir/all' failed
[2.060s] make[1]: *** [CMakeFiles/policy_translation__rosidl_generator_c.dir/all] Error 2
[2.060s] make[1]: *** Waiting for unfinished jobs....
[2.064s] Traceback (most recent call last):
[2.064s]   File "/opt/ros/eloquent/share/rosidl_generator_cpp/cmake/../../../lib/rosidl_generator_cpp/rosidl_generator_cpp", line 8, in <module>
[2.064s]     from rosidl_generator_cpp import generate_cpp
[2.064s]   File "/opt/ros/eloquent/lib/python3.6/site-packages/rosidl_generator_cpp/__init__.py", line 17, in <module>
[2.065s]     from rosidl_cmake import generate_files
[2.065s]   File "/opt/ros/eloquent/lib/python3.6/site-packages/rosidl_cmake/__init__.py", line 24, in <module>
[2.065s]     from rosidl_parser.parser import parse_idl_file
[2.065s]   File "/opt/ros/eloquent/lib/python3.6/site-packages/rosidl_parser/parser.py", line 20, in <module>
[2.065s]     from lark import Lark
[2.066s] ModuleNotFoundError: No module named 'lark'
[2.072s] CMakeFiles/policy_translation__cpp.dir/build.make:170: recipe for target 'rosidl_generator_cpp/policy_translation/srv/network_pt.hpp' failed
[2.072s] make[2]: *** [rosidl_generator_cpp/policy_translation/srv/network_pt.hpp] Error 1
[2.073s] CMakeFiles/Makefile2:328: recipe for target 'CMakeFiles/policy_translation__cpp.dir/all' failed
[2.073s] make[1]: *** [CMakeFiles/policy_translation__cpp.dir/all] Error 2
[2.073s] Makefile:140: recipe for target 'all' failed
[2.073s] make: *** [all] Error 2
[2.075s] Invoked command in '/home/sangeetsu/irlsim/LanguagePolicies/ros2/build/policy_translation' returned '2': CMAKE_PREFIX_PATH=/opt/ros/eloquent CONDA_PROMPT_MODIFIER=(base) /usr/bin/cmake --build /home/sangeetsu/irlsim/LanguagePolicies/ros2/build/policy_translation -- -j8 -l8
