[0.016s] Invoking command in '/home/sangeetsu/irlsim/LanguagePolicies/ros2/build/policy_translation': CMAKE_PREFIX_PATH=/opt/ros/eloquent CONDA_PROMPT_MODIFIER=(irlsim) /usr/bin/cmake /home/sangeetsu/irlsim/LanguagePolicies/ros2/src/policy_translation -DCMAKE_INSTALL_PREFIX=/home/sangeetsu/irlsim/LanguagePolicies/ros2/install/policy_translation
[0.076s] -- The C compiler identification is GNU 7.5.0
[0.126s] -- The CXX compiler identification is GNU 7.5.0
[0.129s] -- Check for working C compiler: /usr/bin/cc
[0.194s] -- Check for working C compiler: /usr/bin/cc -- works
[0.194s] -- Detecting C compiler ABI info
[0.266s] -- Detecting C compiler ABI info - done
[0.271s] -- Detecting C compile features
[0.474s] -- Detecting C compile features - done
[0.476s] -- Check for working CXX compiler: /usr/bin/c++
[0.558s] -- Check for working CXX compiler: /usr/bin/c++ -- works
[0.559s] -- Detecting CXX compiler ABI info
[0.637s] -- Detecting CXX compiler ABI info - done
[0.642s] -- Detecting CXX compile features
[0.981s] -- Detecting CXX compile features - done
[0.983s] -- Found ament_cmake: 0.8.3 (/opt/ros/eloquent/share/ament_cmake/cmake)
[1.020s] -- Found PythonInterp: /home/sangeetsu/miniconda3/envs/irlsim/bin/python3 (found suitable version "3.6.13", minimum required is "3") 
[1.021s] -- Using PYTHON_EXECUTABLE: /home/sangeetsu/miniconda3/envs/irlsim/bin/python3
[1.233s] -- Found rosidl_default_generators: 0.8.0 (/opt/ros/eloquent/share/rosidl_default_generators/cmake)
[1.320s] -- Found OpenSSL: /usr/lib/x86_64-linux-gnu/libcrypto.so (found version "1.1.1") 
[1.340s] -- Found FastRTPS: /opt/ros/eloquent/include  
[1.353s] -- Found rosidl_adapter: 0.8.3 (/opt/ros/eloquent/share/rosidl_adapter/cmake)
[1.420s] -- Found sensor_msgs: 0.8.1 (/opt/ros/eloquent/share/sensor_msgs/cmake)
[1.476s] -- Found PythonInterp: /home/sangeetsu/miniconda3/envs/irlsim/bin/python3 (found version "3.6.13") 
[1.526s] CMake Error at /opt/ros/eloquent/share/rosidl_adapter/cmake/rosidl_adapt_interfaces.cmake:60 (message):
[1.526s]   execute_process(/home/sangeetsu/miniconda3/envs/irlsim/bin/python3 -m
[1.526s]   rosidl_adapter --package-name policy_translation --arguments-file
[1.526s]   /home/sangeetsu/irlsim/LanguagePolicies/ros2/build/policy_translation/rosidl_adapter__arguments__policy_translation.json
[1.526s]   --output-dir
[1.526s]   /home/sangeetsu/irlsim/LanguagePolicies/ros2/build/policy_translation/rosidl_adapter/policy_translation
[1.527s]   --output-file
[1.527s]   /home/sangeetsu/irlsim/LanguagePolicies/ros2/build/policy_translation/rosidl_adapter/policy_translation.idls)
[1.527s]   returned error code 1:
[1.527s] 
[1.527s]   AttributeError processing template 'srv.idl.em'
[1.527s] 
[1.527s]   Traceback (most recent call last):
[1.527s] 
[1.527s]     File "/opt/ros/eloquent/lib/python3.6/site-packages/rosidl_adapter/resource/__init__.py", line 48, in evaluate_template
[1.527s]       _interpreter = em.Interpreter(
[1.528s] 
[1.528s]   AttributeError: module 'em' has no attribute 'Interpreter'
[1.528s] 
[1.528s]   
[1.528s] 
[1.528s]   During handling of the above exception, another exception occurred:
[1.528s] 
[1.529s]   
[1.529s] 
[1.529s]   Traceback (most recent call last):
[1.529s] 
[1.529s]     File "/home/sangeetsu/miniconda3/envs/irlsim/lib/python3.6/runpy.py", line 193, in _run_module_as_main
[1.529s]       "__main__", mod_spec)
[1.529s]     File "/home/sangeetsu/miniconda3/envs/irlsim/lib/python3.6/runpy.py", line 85, in _run_code
[1.529s]       exec(code, run_globals)
[1.529s]     File "/opt/ros/eloquent/lib/python3.6/site-packages/rosidl_adapter/__main__.py", line 19, in <module>
[1.530s]       sys.exit(main())
[1.530s]     File "/opt/ros/eloquent/lib/python3.6/site-packages/rosidl_adapter/main.py", line 55, in main
[1.530s]       pathlib.Path(relative_path), output_dir)
[1.530s]     File "/opt/ros/eloquent/lib/python3.6/site-packages/rosidl_adapter/__init__.py", line 25, in convert_to_idl
[1.530s]       package_dir, package_name, interface_file, output_dir / 'srv')
[1.530s]     File "/opt/ros/eloquent/lib/python3.6/site-packages/rosidl_adapter/srv/__init__.py", line 39, in convert_srv_to_idl
[1.530s]       expand_template('srv.idl.em', data, output_file, encoding='iso-8859-1')
[1.531s]     File "/opt/ros/eloquent/lib/python3.6/site-packages/rosidl_adapter/resource/__init__.py", line 23, in expand_template
[1.531s]       content = evaluate_template(template_name, data)
[1.531s]     File "/opt/ros/eloquent/lib/python3.6/site-packages/rosidl_adapter/resource/__init__.py", line 69, in evaluate_template
[1.531s]       _interpreter.shutdown()
[1.531s] 
[1.531s]   AttributeError: 'NoneType' object has no attribute 'shutdown'
[1.531s] 
[1.532s] Call Stack (most recent call first):
[1.532s]   /opt/ros/eloquent/share/rosidl_cmake/cmake/rosidl_generate_interfaces.cmake:130 (rosidl_adapt_interfaces)
[1.532s]   CMakeLists.txt:26 (rosidl_generate_interfaces)
[1.532s] 
[1.532s] 
[1.532s] -- Configuring incomplete, errors occurred!
[1.532s] See also "/home/sangeetsu/irlsim/LanguagePolicies/ros2/build/policy_translation/CMakeFiles/CMakeOutput.log".
[1.534s] Invoked command in '/home/sangeetsu/irlsim/LanguagePolicies/ros2/build/policy_translation' returned '1': CMAKE_PREFIX_PATH=/opt/ros/eloquent CONDA_PROMPT_MODIFIER=(irlsim) /usr/bin/cmake /home/sangeetsu/irlsim/LanguagePolicies/ros2/src/policy_translation -DCMAKE_INSTALL_PREFIX=/home/sangeetsu/irlsim/LanguagePolicies/ros2/install/policy_translation
