[0.000000] (-) TimerEvent: {}
[0.000430] (policy_translation) JobQueued: {'identifier': 'policy_translation', 'dependencies': OrderedDict()}
[0.000989] (policy_translation) JobStarted: {'identifier': 'policy_translation'}
[0.017735] (policy_translation) JobProgress: {'identifier': 'policy_translation', 'progress': 'cmake'}
[0.018195] (policy_translation) Command: {'cmd': ['/usr/bin/cmake', '/home/sangeetsu/irlsim/LanguagePolicies/ros2/src/policy_translation', '-DCMAKE_INSTALL_PREFIX=/home/sangeetsu/irlsim/LanguagePolicies/ros2/install/policy_translation'], 'cwd': '/home/sangeetsu/irlsim/LanguagePolicies/ros2/build/policy_translation', 'env': OrderedDict([('CONDA_PROMPT_MODIFIER', '(irlsim)'), ('USER', 'sangeetsu'), ('TEXTDOMAIN', 'im-config'), ('XDG_SEAT', 'seat0'), ('XDG_SESSION_TYPE', 'x11'), ('SSH_AGENT_PID', '10633'), ('SHLVL', '1'), ('LD_LIBRARY_PATH', '/opt/ros/eloquent/opt/yaml_cpp_vendor/lib:/opt/ros/eloquent/opt/rviz_ogre_vendor/lib:/opt/ros/eloquent/lib/x86_64-linux-gnu:/opt/ros/eloquent/lib:/home/sangeetsu/irlsim/CoppeliaSim_Edu_V4_1_0_Ubuntu18_04'), ('QT4_IM_MODULE', 'xim'), ('HOME', '/home/sangeetsu'), ('OLDPWD', '/home/sangeetsu/irlsim/LanguagePolicies'), ('LESS', '-R'), ('CONDA_SHLVL', '2'), ('DESKTOP_SESSION', 'ubuntu'), ('ZSH', '/home/sangeetsu/.oh-my-zsh'), ('LSCOLORS', 'Gxfxcxdxbxegedabagacad'), ('GNOME_SHELL_SESSION_MODE', 'ubuntu'), ('GTK_MODULES', 'gail:atk-bridge'), ('PAGER', 'less'), ('ROS_PYTHON_VERSION', '3'), ('DBUS_SESSION_BUS_ADDRESS', 'unix:path=/run/user/1000/bus'), ('COLORTERM', 'truecolor'), ('_CE_M', ''), ('COPPELIASIM_ROOT', '/home/sangeetsu/irlsim/CoppeliaSim_Edu_V4_1_0_Ubuntu18_04'), ('QT_QPA_PLATFORM_PLUGIN_PATH', '/home/sangeetsu/irlsim/CoppeliaSim_Edu_V4_1_0_Ubuntu18_04'), ('MANDATORY_PATH', '/usr/share/gconf/ubuntu.mandatory.path'), ('IM_CONFIG_PHASE', '2'), ('ROS_DISTRO', 'eloquent'), ('LOGNAME', 'sangeetsu'), ('GTK_IM_MODULE', 'ibus'), ('DESKTOP_AUTOSTART_ID', '106968757c75c4153d164818443754019400000105350007'), ('_', '/usr/bin/colcon'), ('DEFAULTS_PATH', '/usr/share/gconf/ubuntu.default.path'), ('ROS_VERSION', '2'), ('XDG_SESSION_ID', '40'), ('USERNAME', 'sangeetsu'), ('TERM', 'xterm-256color'), ('GNOME_DESKTOP_SESSION_ID', 'this-is-deprecated'), ('_CE_CONDA', ''), ('ROS_LOCALHOST_ONLY', '0'), ('WINDOWPATH', '2'), ('PATH', '/opt/ros/eloquent/bin:/home/sangeetsu/miniconda3/envs/irlsim/bin:/home/sangeetsu/miniconda3/condabin:/home/sangeetsu/.local/bin:/usr/local/sbin:/usr/local/bin:/usr/sbin:/usr/bin:/sbin:/bin:/usr/games:/usr/local/games:/snap/bin'), ('SESSION_MANAGER', 'local/ssu-prec-tower:@/tmp/.ICE-unix/10535,unix/ssu-prec-tower:/tmp/.ICE-unix/10535'), ('GNOME_TERMINAL_SCREEN', '/org/gnome/Terminal/screen/1b3222dd_3ced_4e43_a506_b403e9673757'), ('XDG_MENU_PREFIX', 'gnome-'), ('XDG_RUNTIME_DIR', '/run/user/1000'), ('DISPLAY', ':1'), ('LANG', 'en_US.UTF-8'), ('XDG_CURRENT_DESKTOP', 'ubuntu:GNOME'), ('CONDA_PREFIX_1', '/home/sangeetsu/miniconda3'), ('XAUTHORITY', '/run/user/1000/gdm/Xauthority'), ('XDG_SESSION_DESKTOP', 'ubuntu'), ('GNOME_TERMINAL_SERVICE', ':1.272'), ('XMODIFIERS', '@im=ibus'), ('LS_COLORS', 'rs=0:di=01;34:ln=01;36:mh=00:pi=40;33:so=01;35:do=01;35:bd=40;33;01:cd=40;33;01:or=40;31;01:mi=00:su=37;41:sg=30;43:ca=30;41:tw=30;42:ow=34;42:st=37;44:ex=01;32:*.tar=01;31:*.tgz=01;31:*.arc=01;31:*.arj=01;31:*.taz=01;31:*.lha=01;31:*.lz4=01;31:*.lzh=01;31:*.lzma=01;31:*.tlz=01;31:*.txz=01;31:*.tzo=01;31:*.t7z=01;31:*.zip=01;31:*.z=01;31:*.Z=01;31:*.dz=01;31:*.gz=01;31:*.lrz=01;31:*.lz=01;31:*.lzo=01;31:*.xz=01;31:*.zst=01;31:*.tzst=01;31:*.bz2=01;31:*.bz=01;31:*.tbz=01;31:*.tbz2=01;31:*.tz=01;31:*.deb=01;31:*.rpm=01;31:*.jar=01;31:*.war=01;31:*.ear=01;31:*.sar=01;31:*.rar=01;31:*.alz=01;31:*.ace=01;31:*.zoo=01;31:*.cpio=01;31:*.7z=01;31:*.rz=01;31:*.cab=01;31:*.wim=01;31:*.swm=01;31:*.dwm=01;31:*.esd=01;31:*.jpg=01;35:*.jpeg=01;35:*.mjpg=01;35:*.mjpeg=01;35:*.gif=01;35:*.bmp=01;35:*.pbm=01;35:*.pgm=01;35:*.ppm=01;35:*.tga=01;35:*.xbm=01;35:*.xpm=01;35:*.tif=01;35:*.tiff=01;35:*.png=01;35:*.svg=01;35:*.svgz=01;35:*.mng=01;35:*.pcx=01;35:*.mov=01;35:*.mpg=01;35:*.mpeg=01;35:*.m2v=01;35:*.mkv=01;35:*.webm=01;35:*.ogm=01;35:*.mp4=01;35:*.m4v=01;35:*.mp4v=01;35:*.vob=01;35:*.qt=01;35:*.nuv=01;35:*.wmv=01;35:*.asf=01;35:*.rm=01;35:*.rmvb=01;35:*.flc=01;35:*.avi=01;35:*.fli=01;35:*.flv=01;35:*.gl=01;35:*.dl=01;35:*.xcf=01;35:*.xwd=01;35:*.yuv=01;35:*.cgm=01;35:*.emf=01;35:*.ogv=01;35:*.ogx=01;35:*.aac=00;36:*.au=00;36:*.flac=00;36:*.m4a=00;36:*.mid=00;36:*.midi=00;36:*.mka=00;36:*.mp3=00;36:*.mpc=00;36:*.ogg=00;36:*.ra=00;36:*.wav=00;36:*.oga=00;36:*.opus=00;36:*.spx=00;36:*.xspf=00;36:'), ('SSH_AUTH_SOCK', '/run/user/1000/keyring/ssh'), ('CONDA_PYTHON_EXE', '/home/sangeetsu/miniconda3/bin/python'), ('AMENT_PREFIX_PATH', '/opt/ros/eloquent'), ('SHELL', '/usr/bin/zsh'), ('GDMSESSION', 'ubuntu'), ('QT_ACCESSIBILITY', '1'), ('CONDA_DEFAULT_ENV', 'irlsim'), ('TEXTDOMAINDIR', '/usr/share/locale/'), ('GPG_AGENT_INFO', '/run/user/1000/gnupg/S.gpg-agent:0:1'), ('XDG_VTNR', '2'), ('QT_IM_MODULE', 'ibus'), ('PWD', '/home/sangeetsu/irlsim/LanguagePolicies/ros2/build/policy_translation'), ('LC_ALL', 'en_US.UTF-8'), ('XDG_CONFIG_DIRS', '/etc/xdg/xdg-ubuntu:/etc/xdg'), ('XDG_DATA_DIRS', '/usr/share/ubuntu:/home/sangeetsu/.local/share/flatpak/exports/share/:/var/lib/flatpak/exports/share/:/usr/local/share/:/usr/share/:/var/lib/snapd/desktop'), ('CLUTTER_IM_MODULE', 'xim'), ('CONDA_EXE', '/home/sangeetsu/miniconda3/bin/conda'), ('UE4_ROOT', '/home/sangeetsu/UnrealEngine_4.26'), ('PYTHONPATH', '/opt/ros/eloquent/lib/python3.6/site-packages'), ('CONDA_PREFIX', '/home/sangeetsu/miniconda3/envs/irlsim'), ('COLCON', '1'), ('VTE_VERSION', '5202'), ('CMAKE_PREFIX_PATH', '/opt/ros/eloquent')]), 'shell': False}
[0.079539] (policy_translation) StdoutLine: {'line': b'-- The C compiler identification is GNU 7.5.0\n'}
[0.099659] (-) TimerEvent: {}
[0.129357] (policy_translation) StdoutLine: {'line': b'-- The CXX compiler identification is GNU 7.5.0\n'}
[0.132540] (policy_translation) StdoutLine: {'line': b'-- Check for working C compiler: /usr/bin/cc\n'}
[0.197452] (policy_translation) StdoutLine: {'line': b'-- Check for working C compiler: /usr/bin/cc -- works\n'}
[0.198100] (policy_translation) StdoutLine: {'line': b'-- Detecting C compiler ABI info\n'}
[0.199752] (-) TimerEvent: {}
[0.270010] (policy_translation) StdoutLine: {'line': b'-- Detecting C compiler ABI info - done\n'}
[0.274288] (policy_translation) StdoutLine: {'line': b'-- Detecting C compile features\n'}
[0.299856] (-) TimerEvent: {}
[0.400203] (-) TimerEvent: {}
[0.477553] (policy_translation) StdoutLine: {'line': b'-- Detecting C compile features - done\n'}
[0.479357] (policy_translation) StdoutLine: {'line': b'-- Check for working CXX compiler: /usr/bin/c++\n'}
[0.500330] (-) TimerEvent: {}
[0.561800] (policy_translation) StdoutLine: {'line': b'-- Check for working CXX compiler: /usr/bin/c++ -- works\n'}
[0.562375] (policy_translation) StdoutLine: {'line': b'-- Detecting CXX compiler ABI info\n'}
[0.600454] (-) TimerEvent: {}
[0.640925] (policy_translation) StdoutLine: {'line': b'-- Detecting CXX compiler ABI info - done\n'}
[0.645962] (policy_translation) StdoutLine: {'line': b'-- Detecting CXX compile features\n'}
[0.700589] (-) TimerEvent: {}
[0.800927] (-) TimerEvent: {}
[0.901252] (-) TimerEvent: {}
[0.984418] (policy_translation) StdoutLine: {'line': b'-- Detecting CXX compile features - done\n'}
[0.986444] (policy_translation) StdoutLine: {'line': b'-- Found ament_cmake: 0.8.3 (/opt/ros/eloquent/share/ament_cmake/cmake)\n'}
[1.001358] (-) TimerEvent: {}
[1.024003] (policy_translation) StdoutLine: {'line': b'-- Found PythonInterp: /home/sangeetsu/miniconda3/envs/irlsim/bin/python3 (found suitable version "3.6.13", minimum required is "3") \n'}
[1.024309] (policy_translation) StdoutLine: {'line': b'-- Using PYTHON_EXECUTABLE: /home/sangeetsu/miniconda3/envs/irlsim/bin/python3\n'}
[1.101484] (-) TimerEvent: {}
[1.201801] (-) TimerEvent: {}
[1.236450] (policy_translation) StdoutLine: {'line': b'-- Found rosidl_default_generators: 0.8.0 (/opt/ros/eloquent/share/rosidl_default_generators/cmake)\n'}
[1.301903] (-) TimerEvent: {}
[1.323116] (policy_translation) StdoutLine: {'line': b'-- Found OpenSSL: /usr/lib/x86_64-linux-gnu/libcrypto.so (found version "1.1.1") \n'}
[1.343688] (policy_translation) StdoutLine: {'line': b'-- Found FastRTPS: /opt/ros/eloquent/include  \n'}
[1.356771] (policy_translation) StdoutLine: {'line': b'-- Found rosidl_adapter: 0.8.3 (/opt/ros/eloquent/share/rosidl_adapter/cmake)\n'}
[1.402006] (-) TimerEvent: {}
[1.423267] (policy_translation) StdoutLine: {'line': b'-- Found sensor_msgs: 0.8.1 (/opt/ros/eloquent/share/sensor_msgs/cmake)\n'}
[1.479221] (policy_translation) StdoutLine: {'line': b'-- Found PythonInterp: /home/sangeetsu/miniconda3/envs/irlsim/bin/python3 (found version "3.6.13") \n'}
[1.502107] (-) TimerEvent: {}
[1.529276] (policy_translation) StderrLine: {'line': b'CMake Error at /opt/ros/eloquent/share/rosidl_adapter/cmake/rosidl_adapt_interfaces.cmake:60 (message):\n'}
[1.529609] (policy_translation) StderrLine: {'line': b'  execute_process(/home/sangeetsu/miniconda3/envs/irlsim/bin/python3 -m\n'}
[1.529826] (policy_translation) StderrLine: {'line': b'  rosidl_adapter --package-name policy_translation --arguments-file\n'}
[1.529951] (policy_translation) StderrLine: {'line': b'  /home/sangeetsu/irlsim/LanguagePolicies/ros2/build/policy_translation/rosidl_adapter__arguments__policy_translation.json\n'}
[1.530073] (policy_translation) StderrLine: {'line': b'  --output-dir\n'}
[1.530189] (policy_translation) StderrLine: {'line': b'  /home/sangeetsu/irlsim/LanguagePolicies/ros2/build/policy_translation/rosidl_adapter/policy_translation\n'}
[1.530301] (policy_translation) StderrLine: {'line': b'  --output-file\n'}
[1.530410] (policy_translation) StderrLine: {'line': b'  /home/sangeetsu/irlsim/LanguagePolicies/ros2/build/policy_translation/rosidl_adapter/policy_translation.idls)\n'}
[1.530493] (policy_translation) StderrLine: {'line': b'  returned error code 1:\n'}
[1.530569] (policy_translation) StderrLine: {'line': b'\n'}
[1.530645] (policy_translation) StderrLine: {'line': b"  AttributeError processing template 'srv.idl.em'\n"}
[1.530720] (policy_translation) StderrLine: {'line': b'\n'}
[1.530795] (policy_translation) StderrLine: {'line': b'  Traceback (most recent call last):\n'}
[1.530870] (policy_translation) StderrLine: {'line': b'\n'}
[1.530945] (policy_translation) StderrLine: {'line': b'    File "/opt/ros/eloquent/lib/python3.6/site-packages/rosidl_adapter/resource/__init__.py", line 48, in evaluate_template\n'}
[1.531211] (policy_translation) StderrLine: {'line': b'      _interpreter = em.Interpreter(\n'}
[1.531359] (policy_translation) StderrLine: {'line': b'\n'}
[1.531491] (policy_translation) StderrLine: {'line': b"  AttributeError: module 'em' has no attribute 'Interpreter'\n"}
[1.531637] (policy_translation) StderrLine: {'line': b'\n'}
[1.531766] (policy_translation) StderrLine: {'line': b'  \n'}
[1.531892] (policy_translation) StderrLine: {'line': b'\n'}
[1.532043] (policy_translation) StderrLine: {'line': b'  During handling of the above exception, another exception occurred:\n'}
[1.532198] (policy_translation) StderrLine: {'line': b'\n'}
[1.532315] (policy_translation) StderrLine: {'line': b'  \n'}
[1.532426] (policy_translation) StderrLine: {'line': b'\n'}
[1.532539] (policy_translation) StderrLine: {'line': b'  Traceback (most recent call last):\n'}
[1.532650] (policy_translation) StderrLine: {'line': b'\n'}
[1.532760] (policy_translation) StderrLine: {'line': b'    File "/home/sangeetsu/miniconda3/envs/irlsim/lib/python3.6/runpy.py", line 193, in _run_module_as_main\n'}
[1.532871] (policy_translation) StderrLine: {'line': b'      "__main__", mod_spec)\n'}
[1.532984] (policy_translation) StderrLine: {'line': b'    File "/home/sangeetsu/miniconda3/envs/irlsim/lib/python3.6/runpy.py", line 85, in _run_code\n'}
[1.533096] (policy_translation) StderrLine: {'line': b'      exec(code, run_globals)\n'}
[1.533204] (policy_translation) StderrLine: {'line': b'    File "/opt/ros/eloquent/lib/python3.6/site-packages/rosidl_adapter/__main__.py", line 19, in <module>\n'}
[1.533314] (policy_translation) StderrLine: {'line': b'      sys.exit(main())\n'}
[1.533444] (policy_translation) StderrLine: {'line': b'    File "/opt/ros/eloquent/lib/python3.6/site-packages/rosidl_adapter/main.py", line 55, in main\n'}
[1.533571] (policy_translation) StderrLine: {'line': b'      pathlib.Path(relative_path), output_dir)\n'}
[1.533740] (policy_translation) StderrLine: {'line': b'    File "/opt/ros/eloquent/lib/python3.6/site-packages/rosidl_adapter/__init__.py", line 25, in convert_to_idl\n'}
[1.533883] (policy_translation) StderrLine: {'line': b"      package_dir, package_name, interface_file, output_dir / 'srv')\n"}
[1.534024] (policy_translation) StderrLine: {'line': b'    File "/opt/ros/eloquent/lib/python3.6/site-packages/rosidl_adapter/srv/__init__.py", line 39, in convert_srv_to_idl\n'}
[1.534178] (policy_translation) StderrLine: {'line': b"      expand_template('srv.idl.em', data, output_file, encoding='iso-8859-1')\n"}
[1.534318] (policy_translation) StderrLine: {'line': b'    File "/opt/ros/eloquent/lib/python3.6/site-packages/rosidl_adapter/resource/__init__.py", line 23, in expand_template\n'}
[1.534459] (policy_translation) StderrLine: {'line': b'      content = evaluate_template(template_name, data)\n'}
[1.534611] (policy_translation) StderrLine: {'line': b'    File "/opt/ros/eloquent/lib/python3.6/site-packages/rosidl_adapter/resource/__init__.py", line 69, in evaluate_template\n'}
[1.534756] (policy_translation) StderrLine: {'line': b'      _interpreter.shutdown()\n'}
[1.534876] (policy_translation) StderrLine: {'line': b'\n'}
[1.535001] (policy_translation) StderrLine: {'line': b"  AttributeError: 'NoneType' object has no attribute 'shutdown'\n"}
[1.535138] (policy_translation) StderrLine: {'line': b'\n'}
[1.535258] (policy_translation) StderrLine: {'line': b'Call Stack (most recent call first):\n'}
[1.535379] (policy_translation) StderrLine: {'line': b'  /opt/ros/eloquent/share/rosidl_cmake/cmake/rosidl_generate_interfaces.cmake:130 (rosidl_adapt_interfaces)\n'}
[1.535497] (policy_translation) StderrLine: {'line': b'  CMakeLists.txt:26 (rosidl_generate_interfaces)\n'}
[1.535613] (policy_translation) StderrLine: {'line': b'\n'}
[1.535730] (policy_translation) StderrLine: {'line': b'\n'}
[1.535847] (policy_translation) StdoutLine: {'line': b'-- Configuring incomplete, errors occurred!\n'}
[1.535975] (policy_translation) StdoutLine: {'line': b'See also "/home/sangeetsu/irlsim/LanguagePolicies/ros2/build/policy_translation/CMakeFiles/CMakeOutput.log".\n'}
[1.537245] (policy_translation) CommandEnded: {'returncode': 1}
[1.565314] (policy_translation) JobEnded: {'identifier': 'policy_translation', 'rc': 1}
[1.576243] (-) EventReactorShutdown: {}
